<?xml version="1.0" encoding="UTF-8"?>
<!-- Generated by org.testng.reporters.JUnitXMLReporter -->
<testsuite ignored="0" hostname="DESKTOP-EQEKVTV" failures="0" tests="3" name="Test" time="99.862" errors="0" timestamp="2021-12-05T20:41:29 IST">
  <testcase classname="project.Project" name="runCreateLead" time="33.708"/>
  <testcase classname="project.Irctc_Flight" name="runIrctc" time="15.276"/>
  <testcase classname="project.Myntra" name="runMyntra" time="50.809"/>
</testsuite> <!-- Test -->
